<?xml version="1.0" encoding="UTF-8"?>
<!-- Generated by org.testng.reporters.JUnitReportReporter -->
<testsuite hostname="DESKTOP-RKOMUFV" failures="0" tests="10" name="com.scripts.com.SeleniumEasyDemoHomePageTest" time="7.472" errors="0" timestamp="2021-08-25T10:36:38 IST" skipped="0">
  <testcase classname="com.scripts.com.SeleniumEasyDemoHomePageTest" name="TC_01SelectSimpleFormDemoFromDropDownAndVerifyHeader" time="1.384"/>
  <system-out/>
  <testcase classname="com.scripts.com.SeleniumEasyDemoHomePageTest" name="TC_02VerifySingleInputField" time="0.397"/>
  <system-out/>
  <testcase classname="com.scripts.com.SeleniumEasyDemoHomePageTest" name="TC_03VerifyMultipleInputField" time="1.395"/>
  <system-out/>
  <testcase classname="com.scripts.com.SeleniumEasyDemoHomePageTest" name="TC_04SelectBootStrapAlertDropdownAndVerify" time="1.026"/>
  <system-out/>
  <testcase classname="com.scripts.com.SeleniumEasyDemoHomePageTest" name="TC_05ClickButtonAutoCloseSuccessAndVerifyAlertMassage" time="0.069"/>
  <system-out/>
  <testcase classname="com.scripts.com.SeleniumEasyDemoHomePageTest" name="TC_06ClickButtonNormalSuccessAndVerifyAlertMassage" time="0.078"/>
  <system-out/>
  <testcase classname="com.scripts.com.SeleniumEasyDemoHomePageTest" name="TC07ClickButtonAutoCloseWarningAndVerifyAlertMassage" time="0.735"/>
  <system-out/>
  <testcase classname="com.scripts.com.SeleniumEasyDemoHomePageTest" name="TC_08SelectCheckBoxDemoFromDropDown" time="1.193"/>
  <system-out/>
  <testcase classname="com.scripts.com.SeleniumEasyDemoHomePageTest" name="TC_09VerifyAndClickSingleCheckBox" time="0.183"/>
  <system-out/>
  <testcase classname="com.scripts.com.SeleniumEasyDemoHomePageTest" name="TC_10VerifyAndClickMultipleCheckBoxes" time="1.012"/>
  <system-out/>
</testsuite> <!-- com.scripts.com.SeleniumEasyDemoHomePageTest -->
