<?xml version="1.0" encoding="UTF-8"?>
<!-- Generated by org.testng.reporters.JUnitReportReporter -->
<testsuite hostname="DESKTOP-RKOMUFV" failures="0" tests="2" name="com.runner.TestNGRunnerTest" time="26.127" errors="0" timestamp="2021-08-31T16:03:55 IST" skipped="0">
  <testcase classname="com.runner.TestNGRunnerTest" name="runScenario" time="11.914"/>
  <system-out/>
  <testcase classname="com.runner.TestNGRunnerTest" name="runScenario" time="14.213"/>
  <system-out/>
</testsuite> <!-- com.runner.TestNGRunnerTest -->
