<?xml version="1.0" encoding="UTF-8"?>
<!-- Generated by org.testng.reporters.JUnitReportReporter -->
<testsuite hostname="DESKTOP-RKOMUFV" failures="0" tests="8" name="com.runner.TestNGRunnerTest" time="94.153" errors="0" timestamp="2021-08-30T17:53:22 IST" skipped="0">
  <testcase classname="com.runner.TestNGRunnerTest" name="runScenario" time="12.711"/>
  <system-out/>
  <testcase classname="com.runner.TestNGRunnerTest" name="runScenario" time="10.445"/>
  <system-out/>
  <testcase classname="com.runner.TestNGRunnerTest" name="runScenario" time="9.875"/>
  <system-out/>
  <testcase classname="com.runner.TestNGRunnerTest" name="runScenario" time="12.949"/>
  <system-out/>
  <testcase classname="com.runner.TestNGRunnerTest" name="runScenario" time="10.813"/>
  <system-out/>
  <testcase classname="com.runner.TestNGRunnerTest" name="runScenario" time="11.939"/>
  <system-out/>
  <testcase classname="com.runner.TestNGRunnerTest" name="runScenario" time="13.479"/>
  <system-out/>
  <testcase classname="com.runner.TestNGRunnerTest" name="runScenario" time="11.942"/>
  <system-out/>
</testsuite> <!-- com.runner.TestNGRunnerTest -->
