<?xml version="1.0" encoding="UTF-8"?>
<!-- Generated by org.testng.reporters.JUnitReportReporter -->
<testsuite hostname="DESKTOP-RKOMUFV" failures="0" tests="1" name="com.runner.TestNGRunnerTest" time="19.719" errors="0" timestamp="2021-09-02T18:11:19 IST" skipped="0">
  <testcase classname="com.runner.TestNGRunnerTest" name="runScenario" time="19.719"/>
  <system-out/>
</testsuite> <!-- com.runner.TestNGRunnerTest -->
