<?xml version="1.0" encoding="UTF-8"?>
<!-- Generated by org.testng.reporters.JUnitReportReporter -->
<testsuite hostname="DESKTOP-RKOMUFV" failures="0" tests="8" name="com.runner.TestNGRunnerTest" time="110.781" errors="0" timestamp="2021-08-30T19:39:12 IST" skipped="0">
  <testcase classname="com.runner.TestNGRunnerTest" name="runScenario" time="12.355"/>
  <system-out/>
  <testcase classname="com.runner.TestNGRunnerTest" name="runScenario" time="12.688"/>
  <system-out/>
  <testcase classname="com.runner.TestNGRunnerTest" name="runScenario" time="12.111"/>
  <system-out/>
  <testcase classname="com.runner.TestNGRunnerTest" name="runScenario" time="14.604"/>
  <system-out/>
  <testcase classname="com.runner.TestNGRunnerTest" name="runScenario" time="12.892"/>
  <system-out/>
  <testcase classname="com.runner.TestNGRunnerTest" name="runScenario" time="11.937"/>
  <system-out/>
  <testcase classname="com.runner.TestNGRunnerTest" name="runScenario" time="21.954"/>
  <system-out/>
  <testcase classname="com.runner.TestNGRunnerTest" name="runScenario" time="12.240"/>
  <system-out/>
</testsuite> <!-- com.runner.TestNGRunnerTest -->
